Backup of data directory... 
Migration du modèle 'Prenom NOM'...

Le modèle 'Prenom NOM' va être migré :
 depuis: Infrastructure v2.0.00, Standard v2.0.00
 vers:   Infrastructure v2.1.00, Standard v2.2.00
 en suivant la procédure suivante :
  - Depuis 'Infrastructure v2.0.00' vers 'Infrastructure v2.1.00'
  - Depuis 'Standard v2.0.00' vers 'Standard v2.1.00'
  - Depuis 'Standard v2.1.00' vers 'Standard v2.2.00'




Migrating 'Prenom NOM' from Infrastructure v2.0.00 toward Infrastructure v2.1.00...
------------------------------------
  > log trace: Le format d'index du référentiel 'Prenom NOM' est obsolète (v15, format nécessaire : v16).
Rebuilding 'Prenom NOM' indexes...
 Running 'MigratorFrom36' migrator ... 


Migrating 'Prenom NOM' from Standard v2.0.00 toward Standard v2.1.00...
------------------------------------
Rebuilding 'Prenom NOM' indexes...
  > log WARNING: Index builder: Creating 'Analyst.AnalystProject' fake metaclass: line 4 in /Users/benel/modelio/workspace/Aurelien BENEL/data/fragments/Prenom NOM/model/Analyst.AnalystProject/88bc2e1b-0bb9-4d47-b374-e1615d379f63.exml.
 Running 'BpmnMigratorFrom36' migrator ... 
  Fixing BpmnDataAssociations ...
  Fixing BpmnDataAssociations done.


Migrating 'Prenom NOM' from Standard v2.1.00 toward Standard v2.2.00...
------------------------------------
Rebuilding 'Prenom NOM' indexes...
  > log WARNING: Index builder: Creating 'Analyst.AnalystProject' fake metaclass: line 4 in /Users/benel/modelio/workspace/Aurelien BENEL/data/fragments/Prenom NOM/model/Analyst.AnalystProject/88bc2e1b-0bb9-4d47-b374-e1615d379f63.exml.
 Running 'BpmnMigratorFromV210' migrator ... 
'Prenom NOM' CMS nodes rewritten
Running class org.modelio.diagram.editor.bpmn.contributor.BpmnMmMigrationContributor migration contributor ...
'Prenom NOM' migration sucessful.
Suppression de l'archive de la sauvegarde du modèle 'Prenom NOM' depuis '/Users/benel/modelio/workspace/Aurelien BENEL/.runtime/fragments/Prenom NOM/migration_archive'...
Archivage de la sauvegarde du modèle 'Prenom NOM' vers '/Users/benel/modelio/workspace/Aurelien BENEL/.runtime/fragments/Prenom NOM/migration_archive'...
